

Microchip MPLAB XC8 Assembler V2.36 build 20220127204148 
                                                                                               Sun Mar 20 21:43:11 2022

Microchip MPLAB XC8 C Compiler v2.36 (Free license) build 20220127204148 Og1 
     1                           	processor	18F4550
     2                           	fnconf	rparam,??,?,0
     3                           	pagewidth 120
     4                           	opt	flic
     5                           	psect	cinit,global,reloc=2,class=CODE,delta=1
     6                           	psect	cstackCOMRAM,global,class=COMRAM,space=1,delta=1,lowdata,noexec
     7                           	psect	text0,global,reloc=2,class=CODE,delta=1
     8                           	psect	text1,global,reloc=2,class=CODE,delta=1
     9                           	psect	text2,global,reloc=2,class=CODE,delta=1
    10                           	psect	text3,global,reloc=2,class=CODE,delta=1
    11                           	psect	text4,global,reloc=2,class=CODE,delta=1
    12                           	psect	text5,global,reloc=2,class=CODE,delta=1
    13                           	psect	text6,global,reloc=2,class=CODE,delta=1
    14                           	psect	text7,global,reloc=2,class=CODE,delta=1
    15                           	psect	text8,global,reloc=2,class=CODE,delta=1
    16                           	psect	text9,global,reloc=2,class=CODE,delta=1
    17                           	psect	text10,global,reloc=2,class=CODE,delta=1
    18                           	psect	text11,global,reloc=2,class=CODE,delta=1,group=1
    19                           	psect	intsave_regs,global,class=BIGRAM,space=1,delta=1,noexec
    20                           	psect	rparam,global,class=COMRAM,space=1,delta=1,noexec
    21                           	psect	idloc,global,abs,ovrld,class=IDLOC,space=5,delta=1,noexec
    22                           	psect	config,global,abs,ovrld,class=CONFIG,space=4,delta=1,noexec
    23  0000                     
    24                           ; Version 2.40
    25                           ; Generated 17/11/2021 GMT
    26                           ; 
    27                           ; Copyright © 2021, Microchip Technology Inc. and its subsidiaries ("Microchip")
    28                           ; All rights reserved.
    29                           ; 
    30                           ; This software is developed by Microchip Technology Inc. and its subsidiaries ("Microch
      +                          ip").
    31                           ; 
    32                           ; Redistribution and use in source and binary forms, with or without modification, are
    33                           ; permitted provided that the following conditions are met:
    34                           ; 
    35                           ;     1. Redistributions of source code must retain the above copyright notice, this lis
      +                          t of
    36                           ;        conditions and the following disclaimer.
    37                           ; 
    38                           ;     2. Redistributions in binary form must reproduce the above copyright notice, this 
      +                          list
    39                           ;        of conditions and the following disclaimer in the documentation and/or other
    40                           ;        materials provided with the distribution. Publication is not required when
    41                           ;        this file is used in an embedded application.
    42                           ; 
    43                           ;     3. Microchip's name may not be used to endorse or promote products derived from th
      +                          is
    44                           ;        software without specific prior written permission.
    45                           ; 
    46                           ; THIS SOFTWARE IS PROVIDED BY MICROCHIP "AS IS" AND ANY EXPRESS OR IMPLIED WARRANTIES,
    47                           ; INCLUDING, BUT NOT LIMITED TO, THE IMPLIED WARRANTIES OF MERCHANTABILITY AND FITNESS F
      +                          OR
    48                           ; PURPOSE ARE DISCLAIMED.  IN NO EVENT SHALL MICROCHIP BE LIABLE FOR ANY DIRECT, INDIREC
      +                          T,
    49                           ; INCIDENTAL, SPECIAL, EXEMPLARY, OR CONSEQUENTIAL DAMAGES (INCLUDING BUT NOT LIMITED TO
    50                           ; PROCUREMENT OF SUBSTITUTE GOODS OR SERVICES; LOSS OF USE, DATA OR PROFITS; OR BUSINESS
    51                           ; INTERRUPTION) HOWSOEVER CAUSED AND ON ANY THEORY OF LIABILITY, WHETHER IN CONTRACT, ST
      +                          RICT
    52                           ; LIABILITY, OR TORT (INCLUDING NEGLIGENCE OR OTHERWISE) ARISING IN ANY WAY OUT OF THE U
      +                          SE OF
    53                           ; THIS SOFTWARE, EVEN IF ADVISED OF THE POSSIBILITY OF SUCH DAMAGE.
    54                           ; 
    55                           ; 
    56                           ; Code-generator required, PIC18F4550 Definitions
    57                           ; 
    58                           ; SFR Addresses
    59  0000                     _SSPSTAT	set	4039
    60  0000                     _SSPADD	set	4040
    61  0000                     _SSPCON2	set	4037
    62  0000                     _SSPSTATbits	set	4039
    63  0000                     _SSPCON2bits	set	4037
    64  0000                     _ACKEN	set	32300
    65  0000                     _ACKDT	set	32301
    66  0000                     _TRISB1	set	31897
    67  0000                     _TRISB0	set	31896
    68  0000                     _RCEN	set	32299
    69  0000                     _ACKSTAT	set	32302
    70  0000                     _PEIE	set	32662
    71  0000                     _LATD	set	3980
    72  0000                     _TRISB	set	3987
    73  0000                     _ADCON1	set	4033
    74  0000                     _SSPCON1	set	4038
    75  0000                     _SEN	set	32296
    76  0000                     _TRISD	set	3989
    77  0000                     _SSPIE	set	31979
    78  0000                     _SSPBUF	set	4041
    79  0000                     _GIE	set	32663
    80  0000                     _SSPIF	set	31987
    81                           
    82                           ; #config settings
    83                           
    84                           	psect	cinit
    85  007D70                     __pcinit:
    86                           	callstack 0
    87  007D70                     start_initialization:
    88                           	callstack 0
    89  007D70                     __initialization:
    90                           	callstack 0
    91  007D70                     end_of_initialization:
    92                           	callstack 0
    93  007D70                     __end_of__initialization:
    94                           	callstack 0
    95  007D70  0100               	movlb	0
    96  007D72  EF42  F03F         	goto	_main	;jump to C main() function
    97                           
    98                           	psect	cstackCOMRAM
    99  000001                     __pcstackCOMRAM:
   100                           	callstack 0
   101  000001                     ??_I2C_Idle:
   102  000001                     ?___lldiv:
   103                           	callstack 0
   104  000001                     ___lldiv@dividend:
   105                           	callstack 0
   106                           
   107                           ; 4 bytes @ 0x0
   108  000001                     	ds	1
   109  000002                     I2C_Write_Data@dato:
   110                           	callstack 0
   111  000002                     I2C_Read_Slave@dato:
   112                           	callstack 0
   113                           
   114                           ; 1 bytes @ 0x1
   115  000002                     	ds	1
   116  000003                     WritePCF@dato:
   117                           	callstack 0
   118  000003                     ReadPCF@Dir:
   119                           	callstack 0
   120                           
   121                           ; 1 bytes @ 0x2
   122  000003                     	ds	1
   123  000004                     WritePCF@Dir:
   124                           	callstack 0
   125  000004                     ReadPCF@Direcc_R:
   126                           	callstack 0
   127                           
   128                           ; 1 bytes @ 0x3
   129  000004                     	ds	1
   130  000005                     ReadPCF@dato:
   131                           	callstack 0
   132  000005                     ___lldiv@divisor:
   133                           	callstack 0
   134                           
   135                           ; 4 bytes @ 0x4
   136  000005                     	ds	4
   137  000009                     ___lldiv@quotient:
   138                           	callstack 0
   139                           
   140                           ; 4 bytes @ 0x8
   141  000009                     	ds	4
   142  00000D                     ___lldiv@counter:
   143                           	callstack 0
   144                           
   145                           ; 1 bytes @ 0xC
   146  00000D                     	ds	1
   147  00000E                     I2C_Init_Master@speed_master:
   148                           	callstack 0
   149                           
   150                           ; 4 bytes @ 0xD
   151  00000E                     	ds	4
   152  000012                     I2C_Init_Master@interrupt_:
   153                           	callstack 0
   154                           
   155                           ; 1 bytes @ 0x11
   156  000012                     	ds	1
   157  000013                     ??_I2C_Init_Master:
   158                           
   159                           ; 1 bytes @ 0x12
   160  000013                     	ds	4
   161  000017                     ??_main:
   162                           
   163                           ; 1 bytes @ 0x16
   164  000017                     	ds	2
   165  000019                     main@data_rec:
   166                           	callstack 0
   167                           
   168                           ; 1 bytes @ 0x18
   169  000019                     	ds	1
   170                           
   171 ;;
   172 ;;Main: autosize = 0, tempsize = 2, incstack = 0, save=0
   173 ;;
   174 ;; *************** function _main *****************
   175 ;; Defined at:
   176 ;;		line 37 in file "main.c"
   177 ;; Parameters:    Size  Location     Type
   178 ;;		None
   179 ;; Auto vars:     Size  Location     Type
   180 ;;  data_rec        1   24[COMRAM] unsigned char 
   181 ;; Return value:  Size  Location     Type
   182 ;;                  1    wreg      void 
   183 ;; Registers used:
   184 ;;		wreg, status,2, status,0, cstack
   185 ;; Tracked objects:
   186 ;;		On entry : 0/0
   187 ;;		On exit  : 0/0
   188 ;;		Unchanged: 0/0
   189 ;; Data sizes:     COMRAM   BANK0   BANK1   BANK2   BANK3   BANK4   BANK5   BANK6   BANK7
   190 ;;      Params:         0       0       0       0       0       0       0       0       0
   191 ;;      Locals:         1       0       0       0       0       0       0       0       0
   192 ;;      Temps:          2       0       0       0       0       0       0       0       0
   193 ;;      Totals:         3       0       0       0       0       0       0       0       0
   194 ;;Total ram usage:        3 bytes
   195 ;; Hardware stack levels required when called: 3
   196 ;; This function calls:
   197 ;;		_I2C_Init_Master
   198 ;;		_ReadPCF
   199 ;;		_WritePCF
   200 ;; This function is called by:
   201 ;;		Startup code after reset
   202 ;; This function uses a non-reentrant model
   203 ;;
   204                           
   205                           	psect	text0
   206  007E84                     __ptext0:
   207                           	callstack 0
   208  007E84                     _main:
   209                           	callstack 28
   210  007E84                     
   211                           ;main.c: 39:     uint8_t data_rec;;main.c: 40:     ADCON1=0x0F;
   212  007E84  0E0F               	movlw	15
   213  007E86  6EC1               	movwf	193,c	;volatile
   214                           
   215                           ;main.c: 41:     TRISD=0x00;
   216  007E88  0E00               	movlw	0
   217  007E8A  6E95               	movwf	149,c	;volatile
   218                           
   219                           ;main.c: 42:     LATD=0x00;
   220  007E8C  0E00               	movlw	0
   221  007E8E  6E8C               	movwf	140,c	;volatile
   222  007E90                     
   223                           ;main.c: 43:     I2C_Init_Master(100000,0);
   224  007E90  0EA0               	movlw	160
   225  007E92  6E0E               	movwf	I2C_Init_Master@speed_master^0,c
   226  007E94  0E86               	movlw	134
   227  007E96  6E0F               	movwf	(I2C_Init_Master@speed_master+1)^0,c
   228  007E98  0E01               	movlw	1
   229  007E9A  6E10               	movwf	(I2C_Init_Master@speed_master+2)^0,c
   230  007E9C  0E00               	movlw	0
   231  007E9E  6E11               	movwf	(I2C_Init_Master@speed_master+3)^0,c
   232  007EA0  0E00               	movlw	0
   233  007EA2  6E12               	movwf	I2C_Init_Master@interrupt_^0,c
   234  007EA4  EC74  F03F         	call	_I2C_Init_Master	;wreg free
   235  007EA8                     
   236                           ;main.c: 44:     WritePCF(0x40,0x05);
   237  007EA8  0E05               	movlw	5
   238  007EAA  6E03               	movwf	WritePCF@dato^0,c
   239  007EAC  0E40               	movlw	64
   240  007EAE  ECE2  F03E         	call	_WritePCF
   241  007EB2                     l971:
   242                           
   243                           ;main.c: 51:     data_rec = ReadPCF(0x4E);
   244  007EB2  0E4E               	movlw	78
   245  007EB4  ECFF  F03E         	call	_ReadPCF
   246  007EB8  6E19               	movwf	main@data_rec^0,c
   247  007EBA                     
   248                           ;main.c: 52:     LATD = data_rec;
   249  007EBA  C019  FF8C         	movff	main@data_rec,3980	;volatile
   250  007EBE                     
   251                           ;main.c: 53:     WritePCF(0x40,data_rec);
   252  007EBE  C019  F003         	movff	main@data_rec,WritePCF@dato
   253  007EC2  0E40               	movlw	64
   254  007EC4  ECE2  F03E         	call	_WritePCF
   255  007EC8                     
   256                           ;main.c: 54:     _delay((unsigned long)((100)*(48000000UL/4000.0)));
   257  007EC8  0E07               	movlw	7
   258  007ECA  6E18               	movwf	(??_main+1)^0,c
   259  007ECC  0E17               	movlw	23
   260  007ECE  6E17               	movwf	??_main^0,c
   261  007ED0  0E6A               	movlw	106
   262  007ED2                     u247:
   263  007ED2  2EE8               	decfsz	wreg,f,c
   264  007ED4  D7FE               	bra	u247
   265  007ED6  2E17               	decfsz	??_main^0,f,c
   266  007ED8  D7FC               	bra	u247
   267  007EDA  2E18               	decfsz	(??_main+1)^0,f,c
   268  007EDC  D7FA               	bra	u247
   269  007EDE  D000               	nop2	
   270  007EE0  EF59  F03F         	goto	l971
   271  007EE4  EF00  F000         	goto	start
   272  007EE8                     __end_of_main:
   273                           	callstack 0
   274                           
   275 ;; *************** function _WritePCF *****************
   276 ;; Defined at:
   277 ;;		line 18 in file "main.c"
   278 ;; Parameters:    Size  Location     Type
   279 ;;  Dir             1    wreg     unsigned char 
   280 ;;  dato            1    2[COMRAM] unsigned char 
   281 ;; Auto vars:     Size  Location     Type
   282 ;;  Dir             1    3[COMRAM] unsigned char 
   283 ;; Return value:  Size  Location     Type
   284 ;;                  1    wreg      void 
   285 ;; Registers used:
   286 ;;		wreg, status,2, status,0, cstack
   287 ;; Tracked objects:
   288 ;;		On entry : 0/0
   289 ;;		On exit  : 0/0
   290 ;;		Unchanged: 0/0
   291 ;; Data sizes:     COMRAM   BANK0   BANK1   BANK2   BANK3   BANK4   BANK5   BANK6   BANK7
   292 ;;      Params:         1       0       0       0       0       0       0       0       0
   293 ;;      Locals:         1       0       0       0       0       0       0       0       0
   294 ;;      Temps:          0       0       0       0       0       0       0       0       0
   295 ;;      Totals:         2       0       0       0       0       0       0       0       0
   296 ;;Total ram usage:        2 bytes
   297 ;; Hardware stack levels used: 1
   298 ;; Hardware stack levels required when called: 2
   299 ;; This function calls:
   300 ;;		_I2C_Start
   301 ;;		_I2C_Stop
   302 ;;		_I2C_Write_Data
   303 ;; This function is called by:
   304 ;;		_main
   305 ;; This function uses a non-reentrant model
   306 ;;
   307                           
   308                           	psect	text1
   309  007DC4                     __ptext1:
   310                           	callstack 0
   311  007DC4                     _WritePCF:
   312                           	callstack 28
   313                           
   314                           ;incstack = 0
   315                           ;WritePCF@Dir stored from wreg
   316  007DC4  6E04               	movwf	WritePCF@Dir^0,c
   317  007DC6                     
   318                           ;main.c: 19:     I2C_Start();
   319  007DC6  ECD6  F03E         	call	_I2C_Start	;wreg free
   320                           
   321                           ;main.c: 20:     I2C_Write_Data(Dir);
   322  007DCA  5004               	movf	WritePCF@Dir^0,w,c
   323  007DCC  EC23  F03F         	call	_I2C_Write_Data
   324                           
   325                           ;main.c: 21:     I2C_Write_Data(dato);
   326  007DD0  5003               	movf	WritePCF@dato^0,w,c
   327  007DD2  EC23  F03F         	call	_I2C_Write_Data
   328  007DD6                     
   329                           ;main.c: 22:     I2C_Stop();
   330  007DD6  ECEE  F03E         	call	_I2C_Stop	;wreg free
   331  007DDA  0012               	return		;funcret
   332  007DDC                     __end_of_WritePCF:
   333                           	callstack 0
   334                           
   335 ;; *************** function _ReadPCF *****************
   336 ;; Defined at:
   337 ;;		line 25 in file "main.c"
   338 ;; Parameters:    Size  Location     Type
   339 ;;  Dir             1    wreg     unsigned char 
   340 ;; Auto vars:     Size  Location     Type
   341 ;;  Dir             1    2[COMRAM] unsigned char 
   342 ;;  dato            1    4[COMRAM] unsigned char 
   343 ;;  Direcc_R        1    3[COMRAM] unsigned char 
   344 ;; Return value:  Size  Location     Type
   345 ;;                  1    wreg      unsigned char 
   346 ;; Registers used:
   347 ;;		wreg, status,2, status,0, cstack
   348 ;; Tracked objects:
   349 ;;		On entry : 0/0
   350 ;;		On exit  : 0/0
   351 ;;		Unchanged: 0/0
   352 ;; Data sizes:     COMRAM   BANK0   BANK1   BANK2   BANK3   BANK4   BANK5   BANK6   BANK7
   353 ;;      Params:         0       0       0       0       0       0       0       0       0
   354 ;;      Locals:         3       0       0       0       0       0       0       0       0
   355 ;;      Temps:          0       0       0       0       0       0       0       0       0
   356 ;;      Totals:         3       0       0       0       0       0       0       0       0
   357 ;;Total ram usage:        3 bytes
   358 ;; Hardware stack levels used: 1
   359 ;; Hardware stack levels required when called: 2
   360 ;; This function calls:
   361 ;;		_I2C_Read_Slave
   362 ;;		_I2C_Start
   363 ;;		_I2C_Stop
   364 ;;		_I2C_Write_Data
   365 ;; This function is called by:
   366 ;;		_main
   367 ;; This function uses a non-reentrant model
   368 ;;
   369                           
   370                           	psect	text2
   371  007DFE                     __ptext2:
   372                           	callstack 0
   373  007DFE                     _ReadPCF:
   374                           	callstack 28
   375                           
   376                           ;incstack = 0
   377                           ;ReadPCF@Dir stored from wreg
   378  007DFE  6E03               	movwf	ReadPCF@Dir^0,c
   379  007E00                     
   380                           ;main.c: 27:     uint8_t Direcc_R, dato;;main.c: 29:     Direcc_R = (uint8_t)((Dir&0xFE)
      +                          |0x01);
   381  007E00  5003               	movf	ReadPCF@Dir^0,w,c
   382  007E02  0BFE               	andlw	254
   383  007E04  0901               	iorlw	1
   384  007E06  6E04               	movwf	ReadPCF@Direcc_R^0,c
   385  007E08                     
   386                           ;main.c: 30:     I2C_Start();
   387  007E08  ECD6  F03E         	call	_I2C_Start	;wreg free
   388  007E0C                     
   389                           ;main.c: 31:     I2C_Write_Data(Direcc_R);
   390  007E0C  5004               	movf	ReadPCF@Direcc_R^0,w,c
   391  007E0E  EC23  F03F         	call	_I2C_Write_Data
   392  007E12                     
   393                           ;main.c: 32:     dato = I2C_Read_Slave();
   394  007E12  ECC4  F03E         	call	_I2C_Read_Slave	;wreg free
   395  007E16  6E05               	movwf	ReadPCF@dato^0,c
   396                           
   397                           ;main.c: 33:     I2C_Stop();
   398  007E18  ECEE  F03E         	call	_I2C_Stop	;wreg free
   399  007E1C                     
   400                           ;main.c: 34:     return dato;
   401  007E1C  5005               	movf	ReadPCF@dato^0,w,c
   402  007E1E  0012               	return		;funcret
   403  007E20                     __end_of_ReadPCF:
   404                           	callstack 0
   405                           
   406 ;; *************** function _I2C_Write_Data *****************
   407 ;; Defined at:
   408 ;;		line 57 in file "./I2C_Lib.h"
   409 ;; Parameters:    Size  Location     Type
   410 ;;  dato            1    wreg     unsigned char 
   411 ;; Auto vars:     Size  Location     Type
   412 ;;  dato            1    1[COMRAM] unsigned char 
   413 ;; Return value:  Size  Location     Type
   414 ;;                  1    wreg      void 
   415 ;; Registers used:
   416 ;;		wreg, status,2, status,0, cstack
   417 ;; Tracked objects:
   418 ;;		On entry : 0/0
   419 ;;		On exit  : 0/0
   420 ;;		Unchanged: 0/0
   421 ;; Data sizes:     COMRAM   BANK0   BANK1   BANK2   BANK3   BANK4   BANK5   BANK6   BANK7
   422 ;;      Params:         0       0       0       0       0       0       0       0       0
   423 ;;      Locals:         1       0       0       0       0       0       0       0       0
   424 ;;      Temps:          0       0       0       0       0       0       0       0       0
   425 ;;      Totals:         1       0       0       0       0       0       0       0       0
   426 ;;Total ram usage:        1 bytes
   427 ;; Hardware stack levels used: 1
   428 ;; Hardware stack levels required when called: 1
   429 ;; This function calls:
   430 ;;		_I2C_Idle
   431 ;;		_I2C_Restart
   432 ;; This function is called by:
   433 ;;		_WritePCF
   434 ;;		_ReadPCF
   435 ;; This function uses a non-reentrant model
   436 ;;
   437                           
   438                           	psect	text3
   439  007E46                     __ptext3:
   440                           	callstack 0
   441  007E46                     _I2C_Write_Data:
   442                           	callstack 28
   443                           
   444                           ;incstack = 0
   445                           ;I2C_Write_Data@dato stored from wreg
   446  007E46  6E02               	movwf	I2C_Write_Data@dato^0,c
   447  007E48                     
   448                           ;./I2C_Lib.h: 58:     SSPBUF = dato;
   449  007E48  C002  FFC9         	movff	I2C_Write_Data@dato,4041	;volatile
   450  007E4C                     l65:
   451  007E4C  B0C7               	btfsc	199,0,c	;volatile
   452  007E4E  EF2B  F03F         	goto	u61
   453  007E52  EF2D  F03F         	goto	u60
   454  007E56                     u61:
   455  007E56  EF26  F03F         	goto	l65
   456  007E5A                     u60:
   457  007E5A                     l68:
   458  007E5A  B4C7               	btfsc	199,2,c	;volatile
   459  007E5C  EF32  F03F         	goto	u71
   460  007E60  EF34  F03F         	goto	u70
   461  007E64                     u71:
   462  007E64  EF2D  F03F         	goto	l68
   463  007E68                     u70:
   464  007E68                     
   465                           ;./I2C_Lib.h: 61:     I2C_Idle();
   466  007E68  EC10  F03F         	call	_I2C_Idle	;wreg free
   467  007E6C                     
   468                           ;./I2C_Lib.h: 62:     if(ACKSTAT)
   469  007E6C  ACC5               	btfss	4037,6,c	;volatile
   470  007E6E  EF3B  F03F         	goto	u81
   471  007E72  EF3D  F03F         	goto	u80
   472  007E76                     u81:
   473  007E76  EF41  F03F         	goto	l72
   474  007E7A                     u80:
   475  007E7A                     
   476                           ;./I2C_Lib.h: 63:     {;./I2C_Lib.h: 64:         I2C_Restart();
   477  007E7A  ECCD  F03E         	call	_I2C_Restart	;wreg free
   478  007E7E                     
   479                           ;./I2C_Lib.h: 65:         SSPBUF=dato;
   480  007E7E  C002  FFC9         	movff	I2C_Write_Data@dato,4041	;volatile
   481  007E82                     l72:
   482  007E82  0012               	return		;funcret
   483  007E84                     __end_of_I2C_Write_Data:
   484                           	callstack 0
   485                           
   486 ;; *************** function _I2C_Restart *****************
   487 ;; Defined at:
   488 ;;		line 79 in file "./I2C_Lib.h"
   489 ;; Parameters:    Size  Location     Type
   490 ;;		None
   491 ;; Auto vars:     Size  Location     Type
   492 ;;		None
   493 ;; Return value:  Size  Location     Type
   494 ;;                  1    wreg      void 
   495 ;; Registers used:
   496 ;;		None
   497 ;; Tracked objects:
   498 ;;		On entry : 0/0
   499 ;;		On exit  : 0/0
   500 ;;		Unchanged: 0/0
   501 ;; Data sizes:     COMRAM   BANK0   BANK1   BANK2   BANK3   BANK4   BANK5   BANK6   BANK7
   502 ;;      Params:         0       0       0       0       0       0       0       0       0
   503 ;;      Locals:         0       0       0       0       0       0       0       0       0
   504 ;;      Temps:          0       0       0       0       0       0       0       0       0
   505 ;;      Totals:         0       0       0       0       0       0       0       0       0
   506 ;;Total ram usage:        0 bytes
   507 ;; Hardware stack levels used: 1
   508 ;; This function calls:
   509 ;;		Nothing
   510 ;; This function is called by:
   511 ;;		_I2C_Write_Data
   512 ;; This function uses a non-reentrant model
   513 ;;
   514                           
   515                           	psect	text4
   516  007D9A                     __ptext4:
   517                           	callstack 0
   518  007D9A                     _I2C_Restart:
   519                           	callstack 28
   520  007D9A                     
   521                           ;./I2C_Lib.h: 81:     SSPCON2bits.RSEN=1;
   522  007D9A  82C5               	bsf	197,1,c	;volatile
   523  007D9C                     l84:
   524  007D9C  B2C5               	btfsc	197,1,c	;volatile
   525  007D9E  EFD3  F03E         	goto	u31
   526  007DA2  EFD5  F03E         	goto	u30
   527  007DA6                     u31:
   528  007DA6  EFCE  F03E         	goto	l84
   529  007DAA                     u30:
   530  007DAA  0012               	return		;funcret
   531  007DAC                     __end_of_I2C_Restart:
   532                           	callstack 0
   533                           
   534 ;; *************** function _I2C_Stop *****************
   535 ;; Defined at:
   536 ;;		line 70 in file "./I2C_Lib.h"
   537 ;; Parameters:    Size  Location     Type
   538 ;;		None
   539 ;; Auto vars:     Size  Location     Type
   540 ;;		None
   541 ;; Return value:  Size  Location     Type
   542 ;;                  1    wreg      void 
   543 ;; Registers used:
   544 ;;		None
   545 ;; Tracked objects:
   546 ;;		On entry : 0/0
   547 ;;		On exit  : 0/0
   548 ;;		Unchanged: 0/0
   549 ;; Data sizes:     COMRAM   BANK0   BANK1   BANK2   BANK3   BANK4   BANK5   BANK6   BANK7
   550 ;;      Params:         0       0       0       0       0       0       0       0       0
   551 ;;      Locals:         0       0       0       0       0       0       0       0       0
   552 ;;      Temps:          0       0       0       0       0       0       0       0       0
   553 ;;      Totals:         0       0       0       0       0       0       0       0       0
   554 ;;Total ram usage:        0 bytes
   555 ;; Hardware stack levels used: 1
   556 ;; This function calls:
   557 ;;		Nothing
   558 ;; This function is called by:
   559 ;;		_WritePCF
   560 ;;		_ReadPCF
   561 ;; This function uses a non-reentrant model
   562 ;;
   563                           
   564                           	psect	text5
   565  007DDC                     __ptext5:
   566                           	callstack 0
   567  007DDC                     _I2C_Stop:
   568                           	callstack 29
   569  007DDC                     
   570                           ;./I2C_Lib.h: 72:     SSPCON2bits.PEN=1;
   571  007DDC  84C5               	bsf	197,2,c	;volatile
   572  007DDE                     l75:
   573  007DDE  B4C5               	btfsc	197,2,c	;volatile
   574  007DE0  EFF4  F03E         	goto	u91
   575  007DE4  EFF6  F03E         	goto	u90
   576  007DE8                     u91:
   577  007DE8  EFEF  F03E         	goto	l75
   578  007DEC                     u90:
   579  007DEC                     l78:
   580  007DEC  A8C7               	btfss	199,4,c	;volatile
   581  007DEE  EFFB  F03E         	goto	u101
   582  007DF2  EFFD  F03E         	goto	u100
   583  007DF6                     u101:
   584  007DF6  EFF6  F03E         	goto	l78
   585  007DFA                     u100:
   586  007DFA                     
   587                           ;./I2C_Lib.h: 75:     SSPCON2bits.PEN=0;
   588  007DFA  94C5               	bcf	197,2,c	;volatile
   589  007DFC  0012               	return		;funcret
   590  007DFE                     __end_of_I2C_Stop:
   591                           	callstack 0
   592                           
   593 ;; *************** function _I2C_Start *****************
   594 ;; Defined at:
   595 ;;		line 48 in file "./I2C_Lib.h"
   596 ;; Parameters:    Size  Location     Type
   597 ;;		None
   598 ;; Auto vars:     Size  Location     Type
   599 ;;		None
   600 ;; Return value:  Size  Location     Type
   601 ;;                  1    wreg      void 
   602 ;; Registers used:
   603 ;;		wreg, status,2, status,0, cstack
   604 ;; Tracked objects:
   605 ;;		On entry : 0/0
   606 ;;		On exit  : 0/0
   607 ;;		Unchanged: 0/0
   608 ;; Data sizes:     COMRAM   BANK0   BANK1   BANK2   BANK3   BANK4   BANK5   BANK6   BANK7
   609 ;;      Params:         0       0       0       0       0       0       0       0       0
   610 ;;      Locals:         0       0       0       0       0       0       0       0       0
   611 ;;      Temps:          0       0       0       0       0       0       0       0       0
   612 ;;      Totals:         0       0       0       0       0       0       0       0       0
   613 ;;Total ram usage:        0 bytes
   614 ;; Hardware stack levels used: 1
   615 ;; Hardware stack levels required when called: 1
   616 ;; This function calls:
   617 ;;		_I2C_Idle
   618 ;; This function is called by:
   619 ;;		_WritePCF
   620 ;;		_ReadPCF
   621 ;; This function uses a non-reentrant model
   622 ;;
   623                           
   624                           	psect	text6
   625  007DAC                     __ptext6:
   626                           	callstack 0
   627  007DAC                     _I2C_Start:
   628                           	callstack 28
   629  007DAC                     
   630                           ;./I2C_Lib.h: 50:     I2C_Idle();
   631  007DAC  EC10  F03F         	call	_I2C_Idle	;wreg free
   632  007DB0                     
   633                           ;./I2C_Lib.h: 51:     SEN=1;
   634  007DB0  80C5               	bsf	4037,0,c	;volatile
   635  007DB2                     l58:
   636  007DB2  B0C5               	btfsc	197,0,c	;volatile
   637  007DB4  EFDE  F03E         	goto	u51
   638  007DB8  EFE0  F03E         	goto	u50
   639  007DBC                     u51:
   640  007DBC  EFD9  F03E         	goto	l58
   641  007DC0                     u50:
   642  007DC0                     
   643                           ;./I2C_Lib.h: 53:     if(SSPSTATbits.S){};
   644  007DC0  50C7               	movf	199,w,c	;volatile
   645  007DC2  0012               	return		;funcret
   646  007DC4                     __end_of_I2C_Start:
   647                           	callstack 0
   648                           
   649 ;; *************** function _I2C_Read_Slave *****************
   650 ;; Defined at:
   651 ;;		line 92 in file "./I2C_Lib.h"
   652 ;; Parameters:    Size  Location     Type
   653 ;;		None
   654 ;; Auto vars:     Size  Location     Type
   655 ;;  dato            1    1[COMRAM] unsigned char 
   656 ;; Return value:  Size  Location     Type
   657 ;;                  1    wreg      unsigned char 
   658 ;; Registers used:
   659 ;;		wreg, status,2, status,0, cstack
   660 ;; Tracked objects:
   661 ;;		On entry : 0/0
   662 ;;		On exit  : 0/0
   663 ;;		Unchanged: 0/0
   664 ;; Data sizes:     COMRAM   BANK0   BANK1   BANK2   BANK3   BANK4   BANK5   BANK6   BANK7
   665 ;;      Params:         0       0       0       0       0       0       0       0       0
   666 ;;      Locals:         1       0       0       0       0       0       0       0       0
   667 ;;      Temps:          0       0       0       0       0       0       0       0       0
   668 ;;      Totals:         1       0       0       0       0       0       0       0       0
   669 ;;Total ram usage:        1 bytes
   670 ;; Hardware stack levels used: 1
   671 ;; Hardware stack levels required when called: 1
   672 ;; This function calls:
   673 ;;		_I2C_Idle
   674 ;;		_I2C_Reception
   675 ;; This function is called by:
   676 ;;		_ReadPCF
   677 ;; This function uses a non-reentrant model
   678 ;;
   679                           
   680                           	psect	text7
   681  007D88                     __ptext7:
   682                           	callstack 0
   683  007D88                     _I2C_Read_Slave:
   684                           	callstack 28
   685  007D88                     
   686                           ;./I2C_Lib.h: 94:     unsigned char dato;;./I2C_Lib.h: 96:     I2C_Reception();
   687  007D88  ECBB  F03E         	call	_I2C_Reception	;wreg free
   688  007D8C                     
   689                           ;./I2C_Lib.h: 97:     I2C_Idle();
   690  007D8C  EC10  F03F         	call	_I2C_Idle	;wreg free
   691  007D90                     
   692                           ;./I2C_Lib.h: 98:     dato = SSPBUF;
   693  007D90  CFC9 F002          	movff	4041,I2C_Read_Slave@dato	;volatile
   694  007D94                     
   695                           ;./I2C_Lib.h: 99:     RCEN=0;
   696  007D94  96C5               	bcf	4037,3,c	;volatile
   697  007D96                     
   698                           ;./I2C_Lib.h: 100:     return dato;
   699  007D96  5002               	movf	I2C_Read_Slave@dato^0,w,c
   700  007D98  0012               	return		;funcret
   701  007D9A                     __end_of_I2C_Read_Slave:
   702                           	callstack 0
   703                           
   704 ;; *************** function _I2C_Reception *****************
   705 ;; Defined at:
   706 ;;		line 86 in file "./I2C_Lib.h"
   707 ;; Parameters:    Size  Location     Type
   708 ;;		None
   709 ;; Auto vars:     Size  Location     Type
   710 ;;		None
   711 ;; Return value:  Size  Location     Type
   712 ;;                  1    wreg      void 
   713 ;; Registers used:
   714 ;;		None
   715 ;; Tracked objects:
   716 ;;		On entry : 0/0
   717 ;;		On exit  : 0/0
   718 ;;		Unchanged: 0/0
   719 ;; Data sizes:     COMRAM   BANK0   BANK1   BANK2   BANK3   BANK4   BANK5   BANK6   BANK7
   720 ;;      Params:         0       0       0       0       0       0       0       0       0
   721 ;;      Locals:         0       0       0       0       0       0       0       0       0
   722 ;;      Temps:          0       0       0       0       0       0       0       0       0
   723 ;;      Totals:         0       0       0       0       0       0       0       0       0
   724 ;;Total ram usage:        0 bytes
   725 ;; Hardware stack levels used: 1
   726 ;; This function calls:
   727 ;;		Nothing
   728 ;; This function is called by:
   729 ;;		_I2C_Read_Slave
   730 ;; This function uses a non-reentrant model
   731 ;;
   732                           
   733                           	psect	text8
   734  007D76                     __ptext8:
   735                           	callstack 0
   736  007D76                     _I2C_Reception:
   737                           	callstack 28
   738  007D76                     
   739                           ;./I2C_Lib.h: 87:     SSPCON2bits.RCEN=1;
   740  007D76  86C5               	bsf	197,3,c	;volatile
   741  007D78                     l90:
   742  007D78  A0C7               	btfss	199,0,c	;volatile
   743  007D7A  EFC1  F03E         	goto	u41
   744  007D7E  EFC3  F03E         	goto	u40
   745  007D82                     u41:
   746  007D82  EFBC  F03E         	goto	l90
   747  007D86                     u40:
   748  007D86  0012               	return		;funcret
   749  007D88                     __end_of_I2C_Reception:
   750                           	callstack 0
   751                           
   752 ;; *************** function _I2C_Idle *****************
   753 ;; Defined at:
   754 ;;		line 128 in file "./I2C_Lib.h"
   755 ;; Parameters:    Size  Location     Type
   756 ;;		None
   757 ;; Auto vars:     Size  Location     Type
   758 ;;		None
   759 ;; Return value:  Size  Location     Type
   760 ;;                  1    wreg      void 
   761 ;; Registers used:
   762 ;;		wreg, status,2, status,0
   763 ;; Tracked objects:
   764 ;;		On entry : 0/0
   765 ;;		On exit  : 0/0
   766 ;;		Unchanged: 0/0
   767 ;; Data sizes:     COMRAM   BANK0   BANK1   BANK2   BANK3   BANK4   BANK5   BANK6   BANK7
   768 ;;      Params:         0       0       0       0       0       0       0       0       0
   769 ;;      Locals:         0       0       0       0       0       0       0       0       0
   770 ;;      Temps:          1       0       0       0       0       0       0       0       0
   771 ;;      Totals:         1       0       0       0       0       0       0       0       0
   772 ;;Total ram usage:        1 bytes
   773 ;; Hardware stack levels used: 1
   774 ;; This function calls:
   775 ;;		Nothing
   776 ;; This function is called by:
   777 ;;		_I2C_Start
   778 ;;		_I2C_Write_Data
   779 ;;		_I2C_Read_Slave
   780 ;; This function uses a non-reentrant model
   781 ;;
   782                           
   783                           	psect	text9
   784  007E20                     __ptext9:
   785                           	callstack 0
   786  007E20                     _I2C_Idle:
   787                           	callstack 28
   788  007E20                     l110:
   789  007E20  B4C7               	btfsc	199,2,c	;volatile
   790  007E22  EF15  F03F         	goto	u11
   791  007E26  EF17  F03F         	goto	u10
   792  007E2A                     u11:
   793  007E2A  EF10  F03F         	goto	l110
   794  007E2E                     u10:
   795  007E2E  CFC5 F001          	movff	4037,??_I2C_Idle	;volatile
   796  007E32  0E1F               	movlw	31
   797  007E34  1601               	andwf	??_I2C_Idle^0,f,c
   798  007E36  A4D8               	btfss	status,2,c
   799  007E38  EF20  F03F         	goto	u21
   800  007E3C  EF22  F03F         	goto	u20
   801  007E40                     u21:
   802  007E40  EF10  F03F         	goto	l110
   803  007E44                     u20:
   804  007E44  0012               	return		;funcret
   805  007E46                     __end_of_I2C_Idle:
   806                           	callstack 0
   807                           
   808 ;; *************** function _I2C_Init_Master *****************
   809 ;; Defined at:
   810 ;;		line 33 in file "./I2C_Lib.h"
   811 ;; Parameters:    Size  Location     Type
   812 ;;  speed_master    4   13[COMRAM] unsigned long 
   813 ;;  interrupt_      1   17[COMRAM] unsigned char 
   814 ;; Auto vars:     Size  Location     Type
   815 ;;		None
   816 ;; Return value:  Size  Location     Type
   817 ;;                  1    wreg      void 
   818 ;; Registers used:
   819 ;;		wreg, status,2, status,0, cstack
   820 ;; Tracked objects:
   821 ;;		On entry : 0/0
   822 ;;		On exit  : 0/0
   823 ;;		Unchanged: 0/0
   824 ;; Data sizes:     COMRAM   BANK0   BANK1   BANK2   BANK3   BANK4   BANK5   BANK6   BANK7
   825 ;;      Params:         5       0       0       0       0       0       0       0       0
   826 ;;      Locals:         0       0       0       0       0       0       0       0       0
   827 ;;      Temps:          4       0       0       0       0       0       0       0       0
   828 ;;      Totals:         9       0       0       0       0       0       0       0       0
   829 ;;Total ram usage:        9 bytes
   830 ;; Hardware stack levels used: 1
   831 ;; Hardware stack levels required when called: 1
   832 ;; This function calls:
   833 ;;		___lldiv
   834 ;; This function is called by:
   835 ;;		_main
   836 ;; This function uses a non-reentrant model
   837 ;;
   838                           
   839                           	psect	text10
   840  007EE8                     __ptext10:
   841                           	callstack 0
   842  007EE8                     _I2C_Init_Master:
   843                           	callstack 29
   844  007EE8                     
   845                           ;./I2C_Lib.h: 34:     ADCON1|=(7<<0);
   846  007EE8  0E07               	movlw	7
   847  007EEA  12C1               	iorwf	193,f,c	;volatile
   848                           
   849                           ;./I2C_Lib.h: 35:     TRISB |= 0x03;
   850  007EEC  0E03               	movlw	3
   851  007EEE  1293               	iorwf	147,f,c	;volatile
   852  007EF0                     
   853                           ;./I2C_Lib.h: 36:     SSPCON1 = 0x28;
   854  007EF0  0E28               	movlw	40
   855  007EF2  6EC6               	movwf	198,c	;volatile
   856  007EF4                     
   857                           ;./I2C_Lib.h: 37:     SSPADD = (unsigned char)((48000000UL/(4*speed_master))-1);
   858  007EF4  0E00               	movlw	0
   859  007EF6  6E01               	movwf	___lldiv@dividend^0,c
   860  007EF8  0E6C               	movlw	108
   861  007EFA  6E02               	movwf	(___lldiv@dividend+1)^0,c
   862  007EFC  0EDC               	movlw	220
   863  007EFE  6E03               	movwf	(___lldiv@dividend+2)^0,c
   864  007F00  0E02               	movlw	2
   865  007F02  6E04               	movwf	(___lldiv@dividend+3)^0,c
   866  007F04  C00E  F013         	movff	I2C_Init_Master@speed_master,??_I2C_Init_Master
   867  007F08  C00F  F014         	movff	I2C_Init_Master@speed_master+1,??_I2C_Init_Master+1
   868  007F0C  C010  F015         	movff	I2C_Init_Master@speed_master+2,??_I2C_Init_Master+2
   869  007F10  C011  F016         	movff	I2C_Init_Master@speed_master+3,??_I2C_Init_Master+3
   870  007F14  0E02               	movlw	2
   871  007F16                     u225:
   872  007F16  90D8               	bcf	status,0,c
   873  007F18  3613               	rlcf	??_I2C_Init_Master^0,f,c
   874  007F1A  3614               	rlcf	(??_I2C_Init_Master+1)^0,f,c
   875  007F1C  3615               	rlcf	(??_I2C_Init_Master+2)^0,f,c
   876  007F1E  3616               	rlcf	(??_I2C_Init_Master+3)^0,f,c
   877  007F20  2EE8               	decfsz	wreg,f,c
   878  007F22  EF8B  F03F         	goto	u225
   879  007F26  C013  F005         	movff	??_I2C_Init_Master,___lldiv@divisor
   880  007F2A  C014  F006         	movff	??_I2C_Init_Master+1,___lldiv@divisor+1
   881  007F2E  C015  F007         	movff	??_I2C_Init_Master+2,___lldiv@divisor+2
   882  007F32  C016  F008         	movff	??_I2C_Init_Master+3,___lldiv@divisor+3
   883  007F36  ECAE  F03F         	call	___lldiv	;wreg free
   884  007F3A  0401               	decf	?___lldiv^0,w,c
   885  007F3C  6EC8               	movwf	200,c	;volatile
   886  007F3E                     
   887                           ;./I2C_Lib.h: 38:     SSPSTAT = 0x80;
   888  007F3E  0E80               	movlw	128
   889  007F40  6EC7               	movwf	199,c	;volatile
   890  007F42                     
   891                           ;./I2C_Lib.h: 41:     if(interrupt_){
   892  007F42  5012               	movf	I2C_Init_Master@interrupt_^0,w,c
   893  007F44  B4D8               	btfsc	status,2,c
   894  007F46  EFA7  F03F         	goto	u231
   895  007F4A  EFA9  F03F         	goto	u230
   896  007F4E                     u231:
   897  007F4E  EFAD  F03F         	goto	l55
   898  007F52                     u230:
   899  007F52                     
   900                           ;./I2C_Lib.h: 42:         GIE =1;
   901  007F52  8EF2               	bsf	4082,7,c	;volatile
   902                           
   903                           ;./I2C_Lib.h: 43:         PEIE=1;
   904  007F54  8CF2               	bsf	4082,6,c	;volatile
   905                           
   906                           ;./I2C_Lib.h: 44:         SSPIE=1;
   907  007F56  869D               	bsf	3997,3,c	;volatile
   908                           
   909                           ;./I2C_Lib.h: 45:         SSPIF = 0;
   910  007F58  969E               	bcf	3998,3,c	;volatile
   911  007F5A                     l55:
   912  007F5A  0012               	return		;funcret
   913  007F5C                     __end_of_I2C_Init_Master:
   914                           	callstack 0
   915                           
   916 ;; *************** function ___lldiv *****************
   917 ;; Defined at:
   918 ;;		line 7 in file "C:\Program Files\Microchip\xc8\v2.36\pic\sources\c99\common\__lldiv.c"
   919 ;; Parameters:    Size  Location     Type
   920 ;;  dividend        4    0[COMRAM] unsigned long 
   921 ;;  divisor         4    4[COMRAM] unsigned long 
   922 ;; Auto vars:     Size  Location     Type
   923 ;;  quotient        4    8[COMRAM] unsigned long 
   924 ;;  counter         1   12[COMRAM] unsigned char 
   925 ;; Return value:  Size  Location     Type
   926 ;;                  4    0[COMRAM] unsigned long 
   927 ;; Registers used:
   928 ;;		wreg, status,2, status,0
   929 ;; Tracked objects:
   930 ;;		On entry : 0/0
   931 ;;		On exit  : 0/0
   932 ;;		Unchanged: 0/0
   933 ;; Data sizes:     COMRAM   BANK0   BANK1   BANK2   BANK3   BANK4   BANK5   BANK6   BANK7
   934 ;;      Params:         8       0       0       0       0       0       0       0       0
   935 ;;      Locals:         5       0       0       0       0       0       0       0       0
   936 ;;      Temps:          0       0       0       0       0       0       0       0       0
   937 ;;      Totals:        13       0       0       0       0       0       0       0       0
   938 ;;Total ram usage:       13 bytes
   939 ;; Hardware stack levels used: 1
   940 ;; This function calls:
   941 ;;		Nothing
   942 ;; This function is called by:
   943 ;;		_I2C_Init_Master
   944 ;; This function uses a non-reentrant model
   945 ;;
   946                           
   947                           	psect	text11
   948  007F5C                     __ptext11:
   949                           	callstack 0
   950  007F5C                     ___lldiv:
   951                           	callstack 29
   952  007F5C  0E00               	movlw	0
   953  007F5E  6E09               	movwf	___lldiv@quotient^0,c
   954  007F60  0E00               	movlw	0
   955  007F62  6E0A               	movwf	(___lldiv@quotient+1)^0,c
   956  007F64  0E00               	movlw	0
   957  007F66  6E0B               	movwf	(___lldiv@quotient+2)^0,c
   958  007F68  0E00               	movlw	0
   959  007F6A  6E0C               	movwf	(___lldiv@quotient+3)^0,c
   960  007F6C  5005               	movf	___lldiv@divisor^0,w,c
   961  007F6E  1006               	iorwf	(___lldiv@divisor+1)^0,w,c
   962  007F70  1007               	iorwf	(___lldiv@divisor+2)^0,w,c
   963  007F72  1008               	iorwf	(___lldiv@divisor+3)^0,w,c
   964  007F74  B4D8               	btfsc	status,2,c
   965  007F76  EFBF  F03F         	goto	u191
   966  007F7A  EFC1  F03F         	goto	u190
   967  007F7E                     u191:
   968  007F7E  EFF7  F03F         	goto	l163
   969  007F82                     u190:
   970  007F82  0E01               	movlw	1
   971  007F84  6E0D               	movwf	___lldiv@counter^0,c
   972  007F86  EFCB  F03F         	goto	l935
   973  007F8A                     l933:
   974  007F8A  90D8               	bcf	status,0,c
   975  007F8C  3605               	rlcf	___lldiv@divisor^0,f,c
   976  007F8E  3606               	rlcf	(___lldiv@divisor+1)^0,f,c
   977  007F90  3607               	rlcf	(___lldiv@divisor+2)^0,f,c
   978  007F92  3608               	rlcf	(___lldiv@divisor+3)^0,f,c
   979  007F94  2A0D               	incf	___lldiv@counter^0,f,c
   980  007F96                     l935:
   981  007F96  AE08               	btfss	(___lldiv@divisor+3)^0,7,c
   982  007F98  EFD0  F03F         	goto	u201
   983  007F9C  EFD2  F03F         	goto	u200
   984  007FA0                     u201:
   985  007FA0  EFC5  F03F         	goto	l933
   986  007FA4                     u200:
   987  007FA4                     l937:
   988  007FA4  90D8               	bcf	status,0,c
   989  007FA6  3609               	rlcf	___lldiv@quotient^0,f,c
   990  007FA8  360A               	rlcf	(___lldiv@quotient+1)^0,f,c
   991  007FAA  360B               	rlcf	(___lldiv@quotient+2)^0,f,c
   992  007FAC  360C               	rlcf	(___lldiv@quotient+3)^0,f,c
   993  007FAE  5005               	movf	___lldiv@divisor^0,w,c
   994  007FB0  5C01               	subwf	___lldiv@dividend^0,w,c
   995  007FB2  5006               	movf	(___lldiv@divisor+1)^0,w,c
   996  007FB4  5802               	subwfb	(___lldiv@dividend+1)^0,w,c
   997  007FB6  5007               	movf	(___lldiv@divisor+2)^0,w,c
   998  007FB8  5803               	subwfb	(___lldiv@dividend+2)^0,w,c
   999  007FBA  5008               	movf	(___lldiv@divisor+3)^0,w,c
  1000  007FBC  5804               	subwfb	(___lldiv@dividend+3)^0,w,c
  1001  007FBE  A0D8               	btfss	status,0,c
  1002  007FC0  EFE4  F03F         	goto	u211
  1003  007FC4  EFE6  F03F         	goto	u210
  1004  007FC8                     u211:
  1005  007FC8  EFEF  F03F         	goto	l945
  1006  007FCC                     u210:
  1007  007FCC  5005               	movf	___lldiv@divisor^0,w,c
  1008  007FCE  5E01               	subwf	___lldiv@dividend^0,f,c
  1009  007FD0  5006               	movf	(___lldiv@divisor+1)^0,w,c
  1010  007FD2  5A02               	subwfb	(___lldiv@dividend+1)^0,f,c
  1011  007FD4  5007               	movf	(___lldiv@divisor+2)^0,w,c
  1012  007FD6  5A03               	subwfb	(___lldiv@dividend+2)^0,f,c
  1013  007FD8  5008               	movf	(___lldiv@divisor+3)^0,w,c
  1014  007FDA  5A04               	subwfb	(___lldiv@dividend+3)^0,f,c
  1015  007FDC  8009               	bsf	___lldiv@quotient^0,0,c
  1016  007FDE                     l945:
  1017  007FDE  90D8               	bcf	status,0,c
  1018  007FE0  3208               	rrcf	(___lldiv@divisor+3)^0,f,c
  1019  007FE2  3207               	rrcf	(___lldiv@divisor+2)^0,f,c
  1020  007FE4  3206               	rrcf	(___lldiv@divisor+1)^0,f,c
  1021  007FE6  3205               	rrcf	___lldiv@divisor^0,f,c
  1022  007FE8  2E0D               	decfsz	___lldiv@counter^0,f,c
  1023  007FEA  EFD2  F03F         	goto	l937
  1024  007FEE                     l163:
  1025  007FEE  C009  F001         	movff	___lldiv@quotient,?___lldiv
  1026  007FF2  C00A  F002         	movff	___lldiv@quotient+1,?___lldiv+1
  1027  007FF6  C00B  F003         	movff	___lldiv@quotient+2,?___lldiv+2
  1028  007FFA  C00C  F004         	movff	___lldiv@quotient+3,?___lldiv+3
  1029  007FFE  0012               	return		;funcret
  1030  008000                     __end_of___lldiv:
  1031                           	callstack 0
  1032  0000                     
  1033                           	psect	rparam
  1034  0000                     
  1035                           	psect	idloc
  1036                           
  1037                           ;Config register IDLOC0 @ 0x200000
  1038                           ;	unspecified, using default values
  1039  200000                     	org	2097152
  1040  200000  FF                 	db	255
  1041                           
  1042                           ;Config register IDLOC1 @ 0x200001
  1043                           ;	unspecified, using default values
  1044  200001                     	org	2097153
  1045  200001  FF                 	db	255
  1046                           
  1047                           ;Config register IDLOC2 @ 0x200002
  1048                           ;	unspecified, using default values
  1049  200002                     	org	2097154
  1050  200002  FF                 	db	255
  1051                           
  1052                           ;Config register IDLOC3 @ 0x200003
  1053                           ;	unspecified, using default values
  1054  200003                     	org	2097155
  1055  200003  FF                 	db	255
  1056                           
  1057                           ;Config register IDLOC4 @ 0x200004
  1058                           ;	unspecified, using default values
  1059  200004                     	org	2097156
  1060  200004  FF                 	db	255
  1061                           
  1062                           ;Config register IDLOC5 @ 0x200005
  1063                           ;	unspecified, using default values
  1064  200005                     	org	2097157
  1065  200005  FF                 	db	255
  1066                           
  1067                           ;Config register IDLOC6 @ 0x200006
  1068                           ;	unspecified, using default values
  1069  200006                     	org	2097158
  1070  200006  FF                 	db	255
  1071                           
  1072                           ;Config register IDLOC7 @ 0x200007
  1073                           ;	unspecified, using default values
  1074  200007                     	org	2097159
  1075  200007  FF                 	db	255
  1076                           
  1077                           	psect	config
  1078                           
  1079                           ;Config register CONFIG1L @ 0x300000
  1080                           ;	PLL Prescaler Selection bits
  1081                           ;	PLLDIV = 5, Divide by 5 (20 MHz oscillator input)
  1082                           ;	System Clock Postscaler Selection bits
  1083                           ;	CPUDIV = OSC1_PLL2, [Primary Oscillator Src: /1][96 MHz PLL Src: /2]
  1084                           ;	USB Clock Selection bit (used in Full-Speed USB mode only; UCFG:FSEN = 1)
  1085                           ;	USBDIV = 1, USB clock source comes directly from the primary oscillator block with no 
      +                          postscale
  1086  300000                     	org	3145728
  1087  300000  04                 	db	4
  1088                           
  1089                           ;Config register CONFIG1H @ 0x300001
  1090                           ;	Oscillator Selection bits
  1091                           ;	FOSC = HSPLL_HS, HS oscillator, PLL enabled (HSPLL)
  1092                           ;	Fail-Safe Clock Monitor Enable bit
  1093                           ;	FCMEN = OFF, Fail-Safe Clock Monitor disabled
  1094                           ;	Internal/External Oscillator Switchover bit
  1095                           ;	IESO = OFF, Oscillator Switchover mode disabled
  1096  300001                     	org	3145729
  1097  300001  0E                 	db	14
  1098                           
  1099                           ;Config register CONFIG2L @ 0x300002
  1100                           ;	Power-up Timer Enable bit
  1101                           ;	PWRT = OFF, PWRT disabled
  1102                           ;	Brown-out Reset Enable bits
  1103                           ;	BOR = OFF, Brown-out Reset disabled in hardware and software
  1104                           ;	Brown-out Reset Voltage bits
  1105                           ;	BORV = 3, Minimum setting 2.05V
  1106                           ;	USB Voltage Regulator Enable bit
  1107                           ;	VREGEN = OFF, USB voltage regulator disabled
  1108  300002                     	org	3145730
  1109  300002  19                 	db	25
  1110                           
  1111                           ;Config register CONFIG2H @ 0x300003
  1112                           ;	Watchdog Timer Enable bit
  1113                           ;	WDT = OFF, WDT disabled (control is placed on the SWDTEN bit)
  1114                           ;	Watchdog Timer Postscale Select bits
  1115                           ;	WDTPS = 32768, 1:32768
  1116  300003                     	org	3145731
  1117  300003  1E                 	db	30
  1118                           
  1119                           ; Padding undefined space
  1120  300004                     	org	3145732
  1121  300004  FF                 	db	255
  1122                           
  1123                           ;Config register CONFIG3H @ 0x300005
  1124                           ;	CCP2 MUX bit
  1125                           ;	CCP2MX = ON, CCP2 input/output is multiplexed with RC1
  1126                           ;	PORTB A/D Enable bit
  1127                           ;	PBADEN = ON, PORTB<4:0> pins are configured as analog input channels on Reset
  1128                           ;	Low-Power Timer 1 Oscillator Enable bit
  1129                           ;	LPT1OSC = OFF, Timer1 configured for higher power operation
  1130                           ;	MCLR Pin Enable bit
  1131                           ;	MCLRE = ON, MCLR pin enabled; RE3 input pin disabled
  1132  300005                     	org	3145733
  1133  300005  83                 	db	131
  1134                           
  1135                           ;Config register CONFIG4L @ 0x300006
  1136                           ;	Stack Full/Underflow Reset Enable bit
  1137                           ;	STVREN = OFF, Stack full/underflow will not cause Reset
  1138                           ;	Single-Supply ICSP Enable bit
  1139                           ;	LVP = OFF, Single-Supply ICSP disabled
  1140                           ;	Dedicated In-Circuit Debug/Programming Port (ICPORT) Enable bit
  1141                           ;	ICPRT = OFF, ICPORT disabled
  1142                           ;	Extended Instruction Set Enable bit
  1143                           ;	XINST = OFF, Instruction set extension and Indexed Addressing mode disabled (Legacy mo
      +                          de)
  1144                           ;	Background Debugger Enable bit
  1145                           ;	DEBUG = 0x1, unprogrammed default
  1146  300006                     	org	3145734
  1147  300006  80                 	db	128
  1148                           
  1149                           ; Padding undefined space
  1150  300007                     	org	3145735
  1151  300007  FF                 	db	255
  1152                           
  1153                           ;Config register CONFIG5L @ 0x300008
  1154                           ;	Code Protection bit
  1155                           ;	CP0 = OFF, Block 0 (000800-001FFFh) is not code-protected
  1156                           ;	Code Protection bit
  1157                           ;	CP1 = OFF, Block 1 (002000-003FFFh) is not code-protected
  1158                           ;	Code Protection bit
  1159                           ;	CP2 = OFF, Block 2 (004000-005FFFh) is not code-protected
  1160                           ;	Code Protection bit
  1161                           ;	CP3 = OFF, Block 3 (006000-007FFFh) is not code-protected
  1162  300008                     	org	3145736
  1163  300008  0F                 	db	15
  1164                           
  1165                           ;Config register CONFIG5H @ 0x300009
  1166                           ;	Boot Block Code Protection bit
  1167                           ;	CPB = OFF, Boot block (000000-0007FFh) is not code-protected
  1168                           ;	Data EEPROM Code Protection bit
  1169                           ;	CPD = OFF, Data EEPROM is not code-protected
  1170  300009                     	org	3145737
  1171  300009  C0                 	db	192
  1172                           
  1173                           ;Config register CONFIG6L @ 0x30000A
  1174                           ;	Write Protection bit
  1175                           ;	WRT0 = OFF, Block 0 (000800-001FFFh) is not write-protected
  1176                           ;	Write Protection bit
  1177                           ;	WRT1 = OFF, Block 1 (002000-003FFFh) is not write-protected
  1178                           ;	Write Protection bit
  1179                           ;	WRT2 = OFF, Block 2 (004000-005FFFh) is not write-protected
  1180                           ;	Write Protection bit
  1181                           ;	WRT3 = OFF, Block 3 (006000-007FFFh) is not write-protected
  1182  30000A                     	org	3145738
  1183  30000A  0F                 	db	15
  1184                           
  1185                           ;Config register CONFIG6H @ 0x30000B
  1186                           ;	Configuration Register Write Protection bit
  1187                           ;	WRTC = OFF, Configuration registers (300000-3000FFh) are not write-protected
  1188                           ;	Boot Block Write Protection bit
  1189                           ;	WRTB = OFF, Boot block (000000-0007FFh) is not write-protected
  1190                           ;	Data EEPROM Write Protection bit
  1191                           ;	WRTD = OFF, Data EEPROM is not write-protected
  1192  30000B                     	org	3145739
  1193  30000B  E0                 	db	224
  1194                           
  1195                           ;Config register CONFIG7L @ 0x30000C
  1196                           ;	Table Read Protection bit
  1197                           ;	EBTR0 = OFF, Block 0 (000800-001FFFh) is not protected from table reads executed in ot
      +                          her blocks
  1198                           ;	Table Read Protection bit
  1199                           ;	EBTR1 = OFF, Block 1 (002000-003FFFh) is not protected from table reads executed in ot
      +                          her blocks
  1200                           ;	Table Read Protection bit
  1201                           ;	EBTR2 = OFF, Block 2 (004000-005FFFh) is not protected from table reads executed in ot
      +                          her blocks
  1202                           ;	Table Read Protection bit
  1203                           ;	EBTR3 = OFF, Block 3 (006000-007FFFh) is not protected from table reads executed in ot
      +                          her blocks
  1204  30000C                     	org	3145740
  1205  30000C  0F                 	db	15
  1206                           
  1207                           ;Config register CONFIG7H @ 0x30000D
  1208                           ;	Boot Block Table Read Protection bit
  1209                           ;	EBTRB = OFF, Boot block (000000-0007FFh) is not protected from table reads executed in
      +                           other blocks
  1210  30000D                     	org	3145741
  1211  30000D  40                 	db	64
  1212                           tosu	equ	0xFFF
  1213                           tosh	equ	0xFFE
  1214                           tosl	equ	0xFFD
  1215                           stkptr	equ	0xFFC
  1216                           pclatu	equ	0xFFB
  1217                           pclath	equ	0xFFA
  1218                           pcl	equ	0xFF9
  1219                           tblptru	equ	0xFF8
  1220                           tblptrh	equ	0xFF7
  1221                           tblptrl	equ	0xFF6
  1222                           tablat	equ	0xFF5
  1223                           prodh	equ	0xFF4
  1224                           prodl	equ	0xFF3
  1225                           indf0	equ	0xFEF
  1226                           postinc0	equ	0xFEE
  1227                           postdec0	equ	0xFED
  1228                           preinc0	equ	0xFEC
  1229                           plusw0	equ	0xFEB
  1230                           fsr0h	equ	0xFEA
  1231                           fsr0l	equ	0xFE9
  1232                           wreg	equ	0xFE8
  1233                           indf1	equ	0xFE7
  1234                           postinc1	equ	0xFE6
  1235                           postdec1	equ	0xFE5
  1236                           preinc1	equ	0xFE4
  1237                           plusw1	equ	0xFE3
  1238                           fsr1h	equ	0xFE2
  1239                           fsr1l	equ	0xFE1
  1240                           bsr	equ	0xFE0
  1241                           indf2	equ	0xFDF
  1242                           postinc2	equ	0xFDE
  1243                           postdec2	equ	0xFDD
  1244                           preinc2	equ	0xFDC
  1245                           plusw2	equ	0xFDB
  1246                           fsr2h	equ	0xFDA
  1247                           fsr2l	equ	0xFD9
  1248                           status	equ	0xFD8

Data Sizes:
    Strings     0
    Constant    0
    Data        0
    BSS         0
    Persistent  0
    Stack       0

Auto Spaces:
    Space          Size  Autos    Used
    COMRAM           95     25      25
    BANK0           160      0       0
    BANK1           256      0       0
    BANK2           256      0       0
    BANK3           256      0       0
    BANK4           256      0       0
    BANK5           256      0       0
    BANK6           256      0       0
    BANK7           256      0       0

Pointer List with Targets:

    None.

Critical Paths under _main in COMRAM

    _main->_I2C_Init_Master
    _WritePCF->_I2C_Write_Data
    _ReadPCF->_I2C_Read_Slave
    _ReadPCF->_I2C_Write_Data
    _I2C_Write_Data->_I2C_Idle
    _I2C_Start->_I2C_Idle
    _I2C_Read_Slave->_I2C_Idle
    _I2C_Init_Master->___lldiv

Critical Paths under _main in BANK0

    None.

Critical Paths under _main in BANK1

    None.

Critical Paths under _main in BANK2

    None.

Critical Paths under _main in BANK3

    None.

Critical Paths under _main in BANK4

    None.

Critical Paths under _main in BANK5

    None.

Critical Paths under _main in BANK6

    None.

Critical Paths under _main in BANK7

    None.

Call Graph Tables:

 ---------------------------------------------------------------------------------
 (Depth) Function   	        Calls       Base Space   Used Autos Params    Refs
 ---------------------------------------------------------------------------------
 (0) _main                                                 3     3      0     871
                                             22 COMRAM     3     3      0
                    _I2C_Init_Master
                            _ReadPCF
                           _WritePCF
 ---------------------------------------------------------------------------------
 (1) _WritePCF                                             2     1      1     226
                                              2 COMRAM     2     1      1
                          _I2C_Start
                           _I2C_Stop
                     _I2C_Write_Data
 ---------------------------------------------------------------------------------
 (1) _ReadPCF                                              3     3      0      90
                                              2 COMRAM     3     3      0
                     _I2C_Read_Slave
                          _I2C_Start
                           _I2C_Stop
                     _I2C_Write_Data
 ---------------------------------------------------------------------------------
 (2) _I2C_Write_Data                                       1     1      0      30
                                              1 COMRAM     1     1      0
                           _I2C_Idle
                        _I2C_Restart
 ---------------------------------------------------------------------------------
 (3) _I2C_Restart                                          0     0      0       0
 ---------------------------------------------------------------------------------
 (2) _I2C_Stop                                             0     0      0       0
 ---------------------------------------------------------------------------------
 (2) _I2C_Start                                            0     0      0       0
                           _I2C_Idle
 ---------------------------------------------------------------------------------
 (2) _I2C_Read_Slave                                       1     1      0      15
                                              1 COMRAM     1     1      0
                           _I2C_Idle
                      _I2C_Reception
 ---------------------------------------------------------------------------------
 (3) _I2C_Reception                                        0     0      0       0
 ---------------------------------------------------------------------------------
 (3) _I2C_Idle                                             1     1      0       0
                                              0 COMRAM     1     1      0
 ---------------------------------------------------------------------------------
 (1) _I2C_Init_Master                                      9     4      5     510
                                             13 COMRAM     9     4      5
                            ___lldiv
 ---------------------------------------------------------------------------------
 (2) ___lldiv                                             13     5      8     314
                                              0 COMRAM    13     5      8
 ---------------------------------------------------------------------------------
 Estimated maximum stack depth 3
 ---------------------------------------------------------------------------------

 Call Graph Graphs:

 _main (ROOT)
   _I2C_Init_Master
     ___lldiv
   _ReadPCF
     _I2C_Read_Slave
       _I2C_Idle
       _I2C_Reception
     _I2C_Start
       _I2C_Idle
     _I2C_Stop
     _I2C_Write_Data
       _I2C_Idle
       _I2C_Restart
   _WritePCF
     _I2C_Start
     _I2C_Stop
     _I2C_Write_Data

 Address spaces:
Name               Size   Autos  Total    Cost      Usage
BITCOMRAM           5F      0       0       0        0.0%
EEDATA             100      0       0       0        0.0%
NULL                 0      0       0       0        0.0%
CODE                 0      0       0       0        0.0%
COMRAM              5F     19      19       1       26.3%
STACK                0      0       0       2        0.0%
DATA                 0      0       0       3        0.0%
BITBANK0            A0      0       0       4        0.0%
BANK0               A0      0       0       5        0.0%
BITBANK1           100      0       0       6        0.0%
BANK1              100      0       0       7        0.0%
BITBANK2           100      0       0       8        0.0%
BANK2              100      0       0       9        0.0%
BITBANK3           100      0       0      10        0.0%
BANK3              100      0       0      11        0.0%
BITBANK4           100      0       0      12        0.0%
BANK4              100      0       0      13        0.0%
BITBANK5           100      0       0      14        0.0%
BANK5              100      0       0      15        0.0%
BITBANK6           100      0       0      16        0.0%
BANK6              100      0       0      17        0.0%
BITBANK7           100      0       0      18        0.0%
BANK7              100      0       0      19        0.0%
BITBIGSFRhhhh        D      0       0      20        0.0%
BITBIGSFRhhhl       28      0       0      21        0.0%
BITBIGSFRhl          3      0       0      22        0.0%
BITBIGSFRlhh        22      0       0      23        0.0%
BITBIGSFRlhlh        7      0       0      24        0.0%
BITBIGSFRlhll        1      0       0      25        0.0%
BITBIGSFRllh         6      0       0      26        0.0%
BITBIGSFRlll        2C      0       0      27        0.0%
ABS                  0      0       0      28        0.0%
BIGRAM             7FF      0       0      29        0.0%
BIGSFR               0      0       0     200        0.0%
BITSFR               0      0       0     200        0.0%
SFR                  0      0       0     200        0.0%


Microchip Technology PIC18 Macro Assembler V2.36 build 20220127204148 
Symbol Table                                                                                   Sun Mar 20 21:43:11 2022

                _SSPSTATbits 000FC7                           l60 7DC0                           l62 7DC2  
                         l55 7F5A                           l80 7DFA                           l72 7E82  
                         l81 7DFC                           l65 7E4C                           l90 7D78  
                         l58 7DB2                           l75 7DDE                           l84 7D9C  
                         l68 7E5A                           l93 7D86                           l78 7DEC  
                         l87 7DAA                           l96 7D98                           u10 7E2E  
                         u11 7E2A                           u20 7E44                           u21 7E40  
                         u30 7DAA                           u31 7DA6                           u40 7D86  
                         u41 7D82                           u50 7DC0                           u51 7DBC  
                         u60 7E5A                           u61 7E56                           u70 7E68  
                         u71 7E64                           u80 7E7A                           u81 7E76  
                         u90 7DEC                           u91 7DE8                          l110 7E20  
                        l113 7E44                          l122 7DDA                          l125 7E1E  
                        l170 7FFE                          l163 7FEE                          l811 7E2E  
                        l813 7D9A                          l821 7E48                          l815 7D76  
                        l831 7DDC                          l823 7E68                          l809 7E20  
                        l841 7D96                          l833 7D88                          l817 7DAC  
                        l825 7E6C                          l931 7F82                          l835 7D8C  
                        l819 7DB0                          l827 7E7A                          l941 7FCC  
                        l933 7F8A                          l837 7D90                          l829 7E7E  
                        l943 7FDC                          l935 7F96                          l927 7F5C  
                        l951 7EF0                          l839 7D94                          l945 7FDE  
                        l937 7FA4                          l929 7F6C                          l953 7EF4  
                        l961 7DC6                          l947 7FE8                          l939 7FAE  
                        l955 7F3E                          l891 7E1C                          l883 7E00  
                        l963 7DD6                          l971 7EB2                          l957 7F42  
                        l949 7EE8                          l885 7E08                          l973 7EBA  
                        l965 7E84                          l959 7F52                          l887 7E0C  
                        l975 7EBE                          l967 7E90                          l889 7E12  
                        l977 7EC8                          l969 7EA8                          _GIE 007F97  
                        u100 7DFA                          u101 7DF6                          u200 7FA4  
                        u201 7FA0                          u210 7FCC                          u211 7FC8  
                        u230 7F52                          u231 7F4E                          u225 7F16  
                        u190 7F82                          u191 7F7E                          u247 7ED2  
                        _SEN 007E28                   ReadPCF@Dir 0003                          wreg 000FE8  
                       _LATD 000F8C                         _PEIE 007F96                         _RCEN 007E2B  
                ReadPCF@dato 0005                         _main 7E84             __end_of_I2C_Idle 7E46  
           __end_of_I2C_Stop 7DFE                         start 0000             ?_I2C_Init_Master 000E  
               ___param_bank 000000              __end_of_ReadPCF 7E20                 main@data_rec 0019  
                      ?_main 0001                        _ACKEN 007E2C                        _ACKDT 007E2D  
            __end_of___lldiv 8000                        _TRISB 000F93                        _TRISD 000F95  
                      _SSPIE 007CEB                        _SSPIF 007CF3            __end_of_I2C_Start 7DC4  
                      status 000FD8              __initialization 7D70                 __end_of_main 7EE8  
                     ??_main 0017                __activetblptr 000000                       _ADCON1 000FC1  
           __end_of_WritePCF 7DDC  I2C_Init_Master@speed_master 000E                       _SSPADD 000FC8  
                     _TRISB0 007C98                       _TRISB1 007C99                       _SSPBUF 000FC9  
                  ??_ReadPCF 0003                    ??___lldiv 0009                _I2C_Reception 7D76  
                     isa$std 000001                    ?_I2C_Idle 0001                    ?_I2C_Stop 0001  
                 __accesstop 0060      __end_of__initialization 7D70                 WritePCF@dato 0003  
              ___rparam_used 000001               __pcstackCOMRAM 0001               ?_I2C_Reception 0001  
                 ??_I2C_Idle 0001                   ??_I2C_Stop 0001                      _ACKSTAT 007E2E  
                  ?_WritePCF 0003                ??_I2C_Restart 0001                      _SSPCON1 000FC6  
                    _SSPCON2 000FC5                      _SSPSTAT 000FC7                      _ReadPCF 7DFE  
                  _I2C_Start 7DAC                      __Hparam 0000                      __Lparam 0000  
            ??_I2C_Reception 0001                      ___lldiv 7F5C               _I2C_Read_Slave 7D88  
                    __pcinit 7D70                   ??_WritePCF 0004                      __ramtop 0800  
                    __ptext0 7E84                      __ptext1 7DC4                      __ptext2 7DFE  
                    __ptext3 7E46                      __ptext4 7D9A                      __ptext5 7DDC  
                    __ptext6 7DAC                      __ptext7 7D88                      __ptext8 7D76  
                    __ptext9 7E20          __end_of_I2C_Restart 7DAC         end_of_initialization 7D70  
                 ?_I2C_Start 0001              ___lldiv@divisor 0005              ___lldiv@counter 000D  
     __end_of_I2C_Read_Slave 7D9A              ?_I2C_Read_Slave 0001               _I2C_Write_Data 7E46  
                _I2C_Restart 7D9A          start_initialization 7D70            ??_I2C_Init_Master 0013  
                ??_I2C_Start 0002       __end_of_I2C_Write_Data 7E84                  WritePCF@Dir 0004  
                   ?_ReadPCF 0001              ?_I2C_Write_Data 0001                     ?___lldiv 0001  
                   _I2C_Idle 7E20                     _I2C_Stop 7DDC        __end_of_I2C_Reception 7D88  
  I2C_Init_Master@interrupt_ 0012              ReadPCF@Direcc_R 0004           I2C_Read_Slave@dato 0002  
           ??_I2C_Read_Slave 0002                     __Hrparam 0000                     __Lrparam 0000  
            _I2C_Init_Master 7EE8                     _WritePCF 7DC4                 ?_I2C_Restart 0001  
                   __ptext10 7EE8                     __ptext11 7F5C                     isa$xinst 000000  
           ___lldiv@dividend 0001             ??_I2C_Write_Data 0002      __end_of_I2C_Init_Master 7F5C  
           ___lldiv@quotient 0009                  _SSPCON2bits 000FC5           I2C_Write_Data@dato 0002  
